<?xml version="1.0" encoding="utf-8"?>
<coverage line-rate="0.8912" branch-rate="0.7142000000000001" version="1.9" timestamp="1770191179" lines-covered="213" lines-valid="239" branches-covered="40" branches-valid="56">
  <sources>
    <source>C:\public\workspace\builderservice\</source>
  </sources>
  <packages>
    <package name="BuilderService" line-rate="0.8912" branch-rate="0.7142000000000001" complexity="86">
      <classes>
        <class name="Program" filename="Program.cs" line-rate="0.9823999999999999" branch-rate="0.75" complexity="12">
          <methods>
            <method name="&lt;Main&gt;$" signature="(System.String[])" line-rate="0.9823999999999999" branch-rate="0.75" complexity="12">
              <lines>
                <line number="7" hits="3" branch="False" />
                <line number="9" hits="3" branch="False" />
                <line number="10" hits="3" branch="False" />
                <line number="11" hits="3" branch="False" />
                <line number="12" hits="3" branch="False" />
                <line number="13" hits="3" branch="False" />
                <line number="14" hits="3" branch="False" />
                <line number="15" hits="3" branch="False" />
                <line number="16" hits="3" branch="False" />
                <line number="17" hits="3" branch="False" />
                <line number="18" hits="3" branch="False" />
                <line number="20" hits="3" branch="False" />
                <line number="21" hits="3" branch="False" />
                <line number="22" hits="3" branch="False" />
                <line number="23" hits="6" branch="False" />
                <line number="25" hits="3" branch="False" />
                <line number="26" hits="3" branch="False" />
                <line number="27" hits="3" branch="False" />
                <line number="28" hits="3" branch="False" />
                <line number="29" hits="3" branch="False" />
                <line number="30" hits="3" branch="False" />
                <line number="31" hits="3" branch="False" />
                <line number="32" hits="6" branch="False" />
                <line number="33" hits="6" branch="False" />
                <line number="35" hits="3" branch="False" />
                <line number="36" hits="3" branch="False" />
                <line number="37" hits="3" branch="False" />
                <line number="38" hits="3" branch="True" condition-coverage="100% (2/2)">
                  <conditions>
                    <condition number="21" type="jump" coverage="100%" />
                  </conditions>
                </line>
                <line number="39" hits="33" branch="False" />
                <line number="40" hits="33" branch="True" condition-coverage="50% (1/2)">
                  <conditions>
                    <condition number="21" type="jump" coverage="50%" />
                  </conditions>
                </line>
                <line number="41" hits="33" branch="True" condition-coverage="50% (1/2)">
                  <conditions>
                    <condition number="44" type="jump" coverage="50%" />
                  </conditions>
                </line>
                <line number="42" hits="0" branch="False" />
                <line number="43" hits="3" branch="False" />
                <line number="44" hits="33" branch="True" condition-coverage="83.33% (5/6)">
                  <conditions>
                    <condition number="71" type="jump" coverage="50%" />
                    <condition number="83" type="jump" coverage="100%" />
                    <condition number="98" type="jump" coverage="100%" />
                  </conditions>
                </line>
                <line number="45" hits="33" branch="False" />
                <line number="46" hits="35" branch="False" />
                <line number="47" hits="35" branch="False" />
                <line number="48" hits="35" branch="False" />
                <line number="49" hits="35" branch="False" />
                <line number="50" hits="35" branch="False" />
                <line number="51" hits="35" branch="False" />
                <line number="52" hits="36" branch="False" />
                <line number="53" hits="6" branch="False" />
                <line number="55" hits="3" branch="False" />
                <line number="56" hits="3" branch="False" />
                <line number="58" hits="3" branch="False" />
                <line number="60" hits="3" branch="False" />
                <line number="61" hits="3" branch="False" />
                <line number="62" hits="3" branch="False" />
                <line number="63" hits="3" branch="False" />
                <line number="64" hits="3" branch="False" />
                <line number="65" hits="3" branch="False" />
                <line number="66" hits="6" branch="False" />
                <line number="68" hits="3" branch="False" />
                <line number="70" hits="3" branch="False" />
                <line number="71" hits="3" branch="False" />
                <line number="73" hits="3" branch="False" />
              </lines>
            </method>
          </methods>
          <lines>
            <line number="7" hits="3" branch="False" />
            <line number="9" hits="3" branch="False" />
            <line number="10" hits="3" branch="False" />
            <line number="11" hits="3" branch="False" />
            <line number="12" hits="3" branch="False" />
            <line number="13" hits="3" branch="False" />
            <line number="14" hits="3" branch="False" />
            <line number="15" hits="3" branch="False" />
            <line number="16" hits="3" branch="False" />
            <line number="17" hits="3" branch="False" />
            <line number="18" hits="3" branch="False" />
            <line number="20" hits="3" branch="False" />
            <line number="21" hits="3" branch="False" />
            <line number="22" hits="3" branch="False" />
            <line number="23" hits="6" branch="False" />
            <line number="25" hits="3" branch="False" />
            <line number="26" hits="3" branch="False" />
            <line number="27" hits="3" branch="False" />
            <line number="28" hits="3" branch="False" />
            <line number="29" hits="3" branch="False" />
            <line number="30" hits="3" branch="False" />
            <line number="31" hits="3" branch="False" />
            <line number="32" hits="6" branch="False" />
            <line number="33" hits="6" branch="False" />
            <line number="35" hits="3" branch="False" />
            <line number="36" hits="3" branch="False" />
            <line number="37" hits="3" branch="False" />
            <line number="38" hits="3" branch="True" condition-coverage="100% (2/2)">
              <conditions>
                <condition number="21" type="jump" coverage="100%" />
              </conditions>
            </line>
            <line number="39" hits="33" branch="False" />
            <line number="40" hits="33" branch="True" condition-coverage="50% (1/2)">
              <conditions>
                <condition number="21" type="jump" coverage="50%" />
              </conditions>
            </line>
            <line number="41" hits="33" branch="True" condition-coverage="50% (1/2)">
              <conditions>
                <condition number="44" type="jump" coverage="50%" />
              </conditions>
            </line>
            <line number="42" hits="0" branch="False" />
            <line number="43" hits="3" branch="False" />
            <line number="44" hits="33" branch="True" condition-coverage="83.33% (5/6)">
              <conditions>
                <condition number="71" type="jump" coverage="50%" />
                <condition number="83" type="jump" coverage="100%" />
                <condition number="98" type="jump" coverage="100%" />
              </conditions>
            </line>
            <line number="45" hits="33" branch="False" />
            <line number="46" hits="35" branch="False" />
            <line number="47" hits="35" branch="False" />
            <line number="48" hits="35" branch="False" />
            <line number="49" hits="35" branch="False" />
            <line number="50" hits="35" branch="False" />
            <line number="51" hits="35" branch="False" />
            <line number="52" hits="36" branch="False" />
            <line number="53" hits="6" branch="False" />
            <line number="55" hits="3" branch="False" />
            <line number="56" hits="3" branch="False" />
            <line number="58" hits="3" branch="False" />
            <line number="60" hits="3" branch="False" />
            <line number="61" hits="3" branch="False" />
            <line number="62" hits="3" branch="False" />
            <line number="63" hits="3" branch="False" />
            <line number="64" hits="3" branch="False" />
            <line number="65" hits="3" branch="False" />
            <line number="66" hits="6" branch="False" />
            <line number="68" hits="3" branch="False" />
            <line number="70" hits="3" branch="False" />
            <line number="71" hits="3" branch="False" />
            <line number="73" hits="3" branch="False" />
          </lines>
        </class>
        <class name="BuilderService.PowerShellController" filename="Controllers\PowerShellController.cs" line-rate="0.875" branch-rate="0.75" complexity="17">
          <methods>
            <method name="Run" signature="(BuilderService.PowerShellRunRequest,BuilderService.PowerShellService)" line-rate="0.9333" branch-rate="0.9" complexity="10">
              <lines>
                <line number="11" hits="12" branch="False" />
                <line number="12" hits="12" branch="True" condition-coverage="100% (2/2)">
                  <conditions>
                    <condition number="14" type="jump" coverage="100%" />
                  </conditions>
                </line>
                <line number="13" hits="1" branch="False" />
                <line number="15" hits="11" branch="True" condition-coverage="100% (2/2)">
                  <conditions>
                    <condition number="87" type="jump" coverage="100%" />
                  </conditions>
                </line>
                <line number="16" hits="1" branch="False" />
                <line number="19" hits="10" branch="False" />
                <line number="20" hits="10" branch="True" condition-coverage="100% (2/2)">
                  <conditions>
                    <condition number="177" type="jump" coverage="100%" />
                  </conditions>
                </line>
                <line number="21" hits="1" branch="False" />
                <line number="23" hits="9" branch="True" condition-coverage="100% (2/2)">
                  <conditions>
                    <condition number="244" type="jump" coverage="100%" />
                  </conditions>
                </line>
                <line number="24" hits="1" branch="False" />
                <line number="26" hits="8" branch="True" condition-coverage="50% (1/2)">
                  <conditions>
                    <condition number="300" type="jump" coverage="50%" />
                  </conditions>
                </line>
                <line number="27" hits="0" branch="False" />
                <line number="29" hits="8" branch="False" />
                <line number="30" hits="8" branch="False" />
                <line number="31" hits="12" branch="False" />
              </lines>
            </method>
            <method name="Stop" signature="(System.String,BuilderService.PowerShellService)" line-rate="0.75" branch-rate="0.5" complexity="4">
              <lines>
                <line number="35" hits="1" branch="False" />
                <line number="36" hits="1" branch="False" />
                <line number="37" hits="1" branch="True" condition-coverage="50% (1/2)">
                  <conditions>
                    <condition number="15" type="jump" coverage="50%" />
                  </conditions>
                </line>
                <line number="38" hits="0" branch="False" />
                <line number="40" hits="1" branch="True" condition-coverage="50% (1/2)">
                  <conditions>
                    <condition number="73" type="jump" coverage="50%" />
                  </conditions>
                </line>
                <line number="41" hits="0" branch="False" />
                <line number="43" hits="1" branch="False" />
                <line number="44" hits="1" branch="False" />
              </lines>
            </method>
            <method name="Get" signature="(System.String,BuilderService.PowerShellService)" line-rate="0.8332999999999999" branch-rate="0.5" complexity="2">
              <lines>
                <line number="48" hits="15" branch="False" />
                <line number="49" hits="15" branch="False" />
                <line number="50" hits="15" branch="True" condition-coverage="50% (1/2)">
                  <conditions>
                    <condition number="15" type="jump" coverage="50%" />
                  </conditions>
                </line>
                <line number="51" hits="0" branch="False" />
                <line number="53" hits="15" branch="False" />
                <line number="54" hits="15" branch="False" />
              </lines>
            </method>
            <method name="GetAll" signature="(BuilderService.PowerShellService)" line-rate="1" branch-rate="1" complexity="1">
              <lines>
                <line number="58" hits="3" branch="False" />
                <line number="59" hits="3" branch="False" />
                <line number="60" hits="3" branch="False" />
              </lines>
            </method>
          </methods>
          <lines>
            <line number="11" hits="12" branch="False" />
            <line number="12" hits="12" branch="True" condition-coverage="100% (2/2)">
              <conditions>
                <condition number="14" type="jump" coverage="100%" />
              </conditions>
            </line>
            <line number="13" hits="1" branch="False" />
            <line number="15" hits="11" branch="True" condition-coverage="100% (2/2)">
              <conditions>
                <condition number="87" type="jump" coverage="100%" />
              </conditions>
            </line>
            <line number="16" hits="1" branch="False" />
            <line number="19" hits="10" branch="False" />
            <line number="20" hits="10" branch="True" condition-coverage="100% (2/2)">
              <conditions>
                <condition number="177" type="jump" coverage="100%" />
              </conditions>
            </line>
            <line number="21" hits="1" branch="False" />
            <line number="23" hits="9" branch="True" condition-coverage="100% (2/2)">
              <conditions>
                <condition number="244" type="jump" coverage="100%" />
              </conditions>
            </line>
            <line number="24" hits="1" branch="False" />
            <line number="26" hits="8" branch="True" condition-coverage="50% (1/2)">
              <conditions>
                <condition number="300" type="jump" coverage="50%" />
              </conditions>
            </line>
            <line number="27" hits="0" branch="False" />
            <line number="29" hits="8" branch="False" />
            <line number="30" hits="8" branch="False" />
            <line number="31" hits="12" branch="False" />
            <line number="35" hits="1" branch="False" />
            <line number="36" hits="1" branch="False" />
            <line number="37" hits="1" branch="True" condition-coverage="50% (1/2)">
              <conditions>
                <condition number="15" type="jump" coverage="50%" />
              </conditions>
            </line>
            <line number="38" hits="0" branch="False" />
            <line number="40" hits="1" branch="True" condition-coverage="50% (1/2)">
              <conditions>
                <condition number="73" type="jump" coverage="50%" />
              </conditions>
            </line>
            <line number="41" hits="0" branch="False" />
            <line number="43" hits="1" branch="False" />
            <line number="44" hits="1" branch="False" />
            <line number="48" hits="15" branch="False" />
            <line number="49" hits="15" branch="False" />
            <line number="50" hits="15" branch="True" condition-coverage="50% (1/2)">
              <conditions>
                <condition number="15" type="jump" coverage="50%" />
              </conditions>
            </line>
            <line number="51" hits="0" branch="False" />
            <line number="53" hits="15" branch="False" />
            <line number="54" hits="15" branch="False" />
            <line number="58" hits="3" branch="False" />
            <line number="59" hits="3" branch="False" />
            <line number="60" hits="3" branch="False" />
          </lines>
        </class>
        <class name="BuilderService.PowerShellRunRequest" filename="Controllers\PowerShellController.cs" line-rate="1" branch-rate="1" complexity="1">
          <methods>
            <method name="get_ScriptPath" signature="()" line-rate="1" branch-rate="1" complexity="1">
              <lines>
                <line number="65" hits="86" branch="False" />
              </lines>
            </method>
          </methods>
          <lines>
            <line number="65" hits="86" branch="False" />
          </lines>
        </class>
        <class name="BuilderService.StatusController" filename="Controllers\StatusController.cs" line-rate="1" branch-rate="1" complexity="1">
          <methods>
            <method name="Get" signature="(BuilderService.StatusService)" line-rate="1" branch-rate="1" complexity="1">
              <lines>
                <line number="13" hits="8" branch="False" />
                <line number="14" hits="8" branch="False" />
                <line number="15" hits="8" branch="False" />
              </lines>
            </method>
          </methods>
          <lines>
            <line number="13" hits="8" branch="False" />
            <line number="14" hits="8" branch="False" />
            <line number="15" hits="8" branch="False" />
          </lines>
        </class>
        <class name="BuilderService.PowerShellTask" filename="Models\PowerShellTask.cs" line-rate="1" branch-rate="1" complexity="12">
          <methods>
            <method name="get_Id" signature="()" line-rate="1" branch-rate="1" complexity="1">
              <lines>
                <line number="17" hits="84" branch="False" />
              </lines>
            </method>
            <method name="get_ScriptPath" signature="()" line-rate="1" branch-rate="1" complexity="1">
              <lines>
                <line number="19" hits="91" branch="False" />
              </lines>
            </method>
            <method name="get_Status" signature="()" line-rate="1" branch-rate="1" complexity="1">
              <lines>
                <line number="21" hits="101" branch="False" />
              </lines>
            </method>
            <method name="get_ExitCode" signature="()" line-rate="1" branch-rate="1" complexity="1">
              <lines>
                <line number="23" hits="38" branch="False" />
              </lines>
            </method>
            <method name="get_Output" signature="()" line-rate="1" branch-rate="1" complexity="1">
              <lines>
                <line number="29" hits="225" branch="False" />
              </lines>
            </method>
            <method name="get_Error" signature="()" line-rate="1" branch-rate="1" complexity="1">
              <lines>
                <line number="31" hits="217" branch="False" />
              </lines>
            </method>
            <method name="AppendOutput" signature="(System.String)" line-rate="1" branch-rate="1" complexity="1">
              <lines>
                <line number="33" hits="28" branch="False" />
              </lines>
            </method>
            <method name="AppendError" signature="(System.String)" line-rate="1" branch-rate="1" complexity="1">
              <lines>
                <line number="34" hits="44" branch="False" />
              </lines>
            </method>
            <method name="get_CreatedAt" signature="()" line-rate="1" branch-rate="1" complexity="1">
              <lines>
                <line number="36" hits="73" branch="False" />
              </lines>
            </method>
            <method name="get_CompletedAt" signature="()" line-rate="1" branch-rate="1" complexity="1">
              <lines>
                <line number="38" hits="113" branch="False" />
              </lines>
            </method>
            <method name="get_Cts" signature="()" line-rate="1" branch-rate="1" complexity="1">
              <lines>
                <line number="41" hits="37" branch="False" />
              </lines>
            </method>
            <method name=".ctor" signature="()" line-rate="1" branch-rate="1" complexity="1">
              <lines>
                <line number="25" hits="27" branch="False" />
                <line number="26" hits="27" branch="False" />
                <line number="27" hits="27" branch="False" />
              </lines>
            </method>
          </methods>
          <lines>
            <line number="17" hits="84" branch="False" />
            <line number="19" hits="91" branch="False" />
            <line number="21" hits="101" branch="False" />
            <line number="23" hits="38" branch="False" />
            <line number="29" hits="225" branch="False" />
            <line number="31" hits="217" branch="False" />
            <line number="33" hits="28" branch="False" />
            <line number="34" hits="44" branch="False" />
            <line number="36" hits="73" branch="False" />
            <line number="38" hits="113" branch="False" />
            <line number="41" hits="37" branch="False" />
            <line number="25" hits="27" branch="False" />
            <line number="26" hits="27" branch="False" />
            <line number="27" hits="27" branch="False" />
          </lines>
        </class>
        <class name="BuilderService.PowerShellService" filename="Services\PowerShellService.cs" line-rate="0.7659" branch-rate="0.625" complexity="21">
          <methods>
            <method name="get_IsFull" signature="()" line-rate="1" branch-rate="1" complexity="1">
              <lines>
                <line number="22" hits="8" branch="False" />
              </lines>
            </method>
            <method name="Submit" signature="(System.String)" line-rate="1" branch-rate="1" complexity="1">
              <lines>
                <line number="25" hits="8" branch="False" />
                <line number="26" hits="8" branch="False" />
                <line number="27" hits="8" branch="False" />
                <line number="28" hits="8" branch="False" />
                <line number="29" hits="8" branch="False" />
                <line number="30" hits="8" branch="False" />
              </lines>
            </method>
            <method name="GetTask" signature="(System.String)" line-rate="1" branch-rate="1" complexity="1">
              <lines>
                <line number="33" hits="16" branch="False" />
                <line number="34" hits="16" branch="False" />
                <line number="35" hits="16" branch="False" />
                <line number="36" hits="16" branch="False" />
              </lines>
            </method>
            <method name="StopTask" signature="(System.String)" line-rate="0.75" branch-rate="0.5" complexity="6">
              <lines>
                <line number="39" hits="1" branch="False" />
                <line number="40" hits="1" branch="True" condition-coverage="50% (1/2)">
                  <conditions>
                    <condition number="20" type="jump" coverage="50%" />
                  </conditions>
                </line>
                <line number="41" hits="0" branch="False" />
                <line number="43" hits="1" branch="True" condition-coverage="50% (2/4)">
                  <conditions>
                    <condition number="33" type="jump" coverage="50%" />
                    <condition number="49" type="jump" coverage="50%" />
                  </conditions>
                </line>
                <line number="44" hits="0" branch="False" />
                <line number="46" hits="1" branch="False" />
                <line number="47" hits="1" branch="False" />
                <line number="48" hits="1" branch="False" />
              </lines>
            </method>
            <method name="GetAllTasks" signature="()" line-rate="1" branch-rate="1" complexity="1">
              <lines>
                <line number="51" hits="3" branch="False" />
                <line number="52" hits="9" branch="False" />
                <line number="53" hits="3" branch="False" />
              </lines>
            </method>
            <method name="Cleanup" signature="()" line-rate="0.4705" branch-rate="0.7" complexity="10">
              <lines>
                <line number="134" hits="8" branch="False" />
                <line number="135" hits="8" branch="False" />
                <line number="138" hits="100" branch="True" condition-coverage="100% (2/2)">
                  <conditions>
                    <condition number="118" type="jump" coverage="100%" />
                  </conditions>
                </line>
                <line number="139" hits="38" branch="False" />
                <line number="140" hits="38" branch="True" condition-coverage="75% (3/4)">
                  <conditions>
                    <condition number="50" type="jump" coverage="100%" />
                    <condition number="89" type="jump" coverage="50%" />
                  </conditions>
                </line>
                <line number="141" hits="0" branch="False" />
                <line number="142" hits="38" branch="False" />
                <line number="145" hits="8" branch="True" condition-coverage="50% (1/2)">
                  <conditions>
                    <condition number="284" type="jump" coverage="50%" />
                  </conditions>
                </line>
                <line number="146" hits="0" branch="False" />
                <line number="147" hits="0" branch="False" />
                <line number="148" hits="0" branch="False" />
                <line number="149" hits="0" branch="False" />
                <line number="150" hits="0" branch="False" />
                <line number="152" hits="0" branch="True" condition-coverage="50% (1/2)">
                  <conditions>
                    <condition number="235" type="jump" coverage="50%" />
                  </conditions>
                </line>
                <line number="153" hits="0" branch="False" />
                <line number="154" hits="0" branch="False" />
                <line number="155" hits="8" branch="False" />
              </lines>
            </method>
            <method name=".ctor" signature="(Microsoft.Extensions.Configuration.IConfiguration)" line-rate="1" branch-rate="1" complexity="1">
              <lines>
                <line number="12" hits="3" branch="False" />
                <line number="13" hits="3" branch="False" />
                <line number="15" hits="3" branch="False" />
                <line number="16" hits="3" branch="False" />
                <line number="17" hits="3" branch="False" />
                <line number="18" hits="3" branch="False" />
                <line number="19" hits="3" branch="False" />
                <line number="20" hits="3" branch="False" />
              </lines>
            </method>
          </methods>
          <lines>
            <line number="22" hits="8" branch="False" />
            <line number="25" hits="8" branch="False" />
            <line number="26" hits="8" branch="False" />
            <line number="27" hits="8" branch="False" />
            <line number="28" hits="8" branch="False" />
            <line number="29" hits="8" branch="False" />
            <line number="30" hits="8" branch="False" />
            <line number="33" hits="16" branch="False" />
            <line number="34" hits="16" branch="False" />
            <line number="35" hits="16" branch="False" />
            <line number="36" hits="16" branch="False" />
            <line number="39" hits="1" branch="False" />
            <line number="40" hits="1" branch="True" condition-coverage="50% (1/2)">
              <conditions>
                <condition number="20" type="jump" coverage="50%" />
              </conditions>
            </line>
            <line number="41" hits="0" branch="False" />
            <line number="43" hits="1" branch="True" condition-coverage="50% (2/4)">
              <conditions>
                <condition number="33" type="jump" coverage="50%" />
                <condition number="49" type="jump" coverage="50%" />
              </conditions>
            </line>
            <line number="44" hits="0" branch="False" />
            <line number="46" hits="1" branch="False" />
            <line number="47" hits="1" branch="False" />
            <line number="48" hits="1" branch="False" />
            <line number="51" hits="3" branch="False" />
            <line number="52" hits="9" branch="False" />
            <line number="53" hits="3" branch="False" />
            <line number="134" hits="8" branch="False" />
            <line number="135" hits="8" branch="False" />
            <line number="138" hits="100" branch="True" condition-coverage="100% (2/2)">
              <conditions>
                <condition number="118" type="jump" coverage="100%" />
              </conditions>
            </line>
            <line number="139" hits="38" branch="False" />
            <line number="140" hits="38" branch="True" condition-coverage="75% (3/4)">
              <conditions>
                <condition number="50" type="jump" coverage="100%" />
                <condition number="89" type="jump" coverage="50%" />
              </conditions>
            </line>
            <line number="141" hits="0" branch="False" />
            <line number="142" hits="38" branch="False" />
            <line number="145" hits="8" branch="True" condition-coverage="50% (1/2)">
              <conditions>
                <condition number="284" type="jump" coverage="50%" />
              </conditions>
            </line>
            <line number="146" hits="0" branch="False" />
            <line number="147" hits="0" branch="False" />
            <line number="148" hits="0" branch="False" />
            <line number="149" hits="0" branch="False" />
            <line number="150" hits="0" branch="False" />
            <line number="152" hits="0" branch="True" condition-coverage="50% (1/2)">
              <conditions>
                <condition number="235" type="jump" coverage="50%" />
              </conditions>
            </line>
            <line number="153" hits="0" branch="False" />
            <line number="154" hits="0" branch="False" />
            <line number="155" hits="8" branch="False" />
            <line number="12" hits="3" branch="False" />
            <line number="13" hits="3" branch="False" />
            <line number="15" hits="3" branch="False" />
            <line number="16" hits="3" branch="False" />
            <line number="17" hits="3" branch="False" />
            <line number="18" hits="3" branch="False" />
            <line number="19" hits="3" branch="False" />
            <line number="20" hits="3" branch="False" />
          </lines>
        </class>
        <class name="BuilderService.PowerShellService/&lt;&gt;c__DisplayClass13_0" filename="Services\PowerShellService.cs" line-rate="1" branch-rate="1" complexity="4">
          <methods>
            <method name="&lt;RunTaskAsync&gt;b__0" signature="(System.Object,System.Diagnostics.DataReceivedEventArgs)" line-rate="1" branch-rate="1" complexity="2">
              <lines>
                <line number="83" hits="15" branch="False" />
                <line number="84" hits="15" branch="True" condition-coverage="100% (2/2)">
                  <conditions>
                    <condition number="12" type="jump" coverage="100%" />
                  </conditions>
                </line>
                <line number="85" hits="7" branch="False" />
                <line number="86" hits="23" branch="False" />
              </lines>
            </method>
            <method name="&lt;RunTaskAsync&gt;b__1" signature="(System.Object,System.Diagnostics.DataReceivedEventArgs)" line-rate="1" branch-rate="1" complexity="2">
              <lines>
                <line number="88" hits="18" branch="False" />
                <line number="89" hits="18" branch="True" condition-coverage="100% (2/2)">
                  <conditions>
                    <condition number="12" type="jump" coverage="100%" />
                  </conditions>
                </line>
                <line number="90" hits="10" branch="False" />
                <line number="91" hits="26" branch="False" />
              </lines>
            </method>
          </methods>
          <lines>
            <line number="83" hits="15" branch="False" />
            <line number="84" hits="15" branch="True" condition-coverage="100% (2/2)">
              <conditions>
                <condition number="12" type="jump" coverage="100%" />
              </conditions>
            </line>
            <line number="85" hits="7" branch="False" />
            <line number="86" hits="23" branch="False" />
            <line number="88" hits="18" branch="False" />
            <line number="89" hits="18" branch="True" condition-coverage="100% (2/2)">
              <conditions>
                <condition number="12" type="jump" coverage="100%" />
              </conditions>
            </line>
            <line number="90" hits="10" branch="False" />
            <line number="91" hits="26" branch="False" />
          </lines>
        </class>
        <class name="BuilderService.PowerShellService/&lt;ExecuteAsync&gt;d__12" filename="Services\PowerShellService.cs" line-rate="0.8571" branch-rate="0.5" complexity="2">
          <methods>
            <method name="MoveNext" signature="()" line-rate="0.8571" branch-rate="0.5" complexity="2">
              <lines>
                <line number="56" hits="3" branch="False" />
                <line number="57" hits="25" branch="True" condition-coverage="50% (1/2)">
                  <conditions>
                    <condition number="377" type="jump" coverage="50%" />
                  </conditions>
                </line>
                <line number="58" hits="8" branch="False" />
                <line number="59" hits="8" branch="False" />
                <line number="60" hits="8" branch="False" />
                <line number="61" hits="8" branch="False" />
                <line number="62" hits="0" branch="False" />
              </lines>
            </method>
          </methods>
          <lines>
            <line number="56" hits="3" branch="False" />
            <line number="57" hits="25" branch="True" condition-coverage="50% (1/2)">
              <conditions>
                <condition number="377" type="jump" coverage="50%" />
              </conditions>
            </line>
            <line number="58" hits="8" branch="False" />
            <line number="59" hits="8" branch="False" />
            <line number="60" hits="8" branch="False" />
            <line number="61" hits="8" branch="False" />
            <line number="62" hits="0" branch="False" />
          </lines>
        </class>
        <class name="BuilderService.PowerShellService/&lt;RunTaskAsync&gt;d__13" filename="Services\PowerShellService.cs" line-rate="0.8162999999999999" branch-rate="0.6666" complexity="6">
          <methods>
            <method name="MoveNext" signature="()" line-rate="0.8162999999999999" branch-rate="0.6666" complexity="6">
              <lines>
                <line number="65" hits="8" branch="False" />
                <line number="66" hits="8" branch="False" />
                <line number="69" hits="8" branch="False" />
                <line number="70" hits="8" branch="False" />
                <line number="71" hits="8" branch="True" condition-coverage="50% (1/2)">
                  <conditions>
                    <condition number="208" type="jump" coverage="50%" />
                  </conditions>
                </line>
                <line number="72" hits="8" branch="False" />
                <line number="73" hits="8" branch="False" />
                <line number="74" hits="8" branch="False" />
                <line number="75" hits="8" branch="False" />
                <line number="76" hits="8" branch="False" />
                <line number="77" hits="8" branch="False" />
                <line number="78" hits="8" branch="False" />
                <line number="79" hits="8" branch="False" />
                <line number="80" hits="8" branch="False" />
                <line number="82" hits="8" branch="False" />
                <line number="87" hits="8" branch="False" />
                <line number="93" hits="8" branch="False" />
                <line number="94" hits="8" branch="False" />
                <line number="95" hits="8" branch="False" />
                <line number="97" hits="8" branch="False" />
                <line number="98" hits="8" branch="False" />
                <line number="101" hits="8" branch="False" />
                <line number="102" hits="8" branch="False" />
                <line number="103" hits="7" branch="False" />
                <line number="104" hits="1" branch="False" />
                <line number="105" hits="1" branch="False" />
                <line number="106" hits="1" branch="False" />
                <line number="107" hits="1" branch="True" condition-coverage="50% (1/2)">
                  <conditions>
                    <condition number="568" type="jump" coverage="50%" />
                  </conditions>
                </line>
                <line number="108" hits="1" branch="False" />
                <line number="109" hits="1" branch="False" />
                <line number="110" hits="1" branch="False" />
                <line number="111" hits="1" branch="False" />
                <line number="113" hits="0" branch="False" />
                <line number="114" hits="0" branch="False" />
                <line number="115" hits="0" branch="False" />
                <line number="116" hits="0" branch="False" />
                <line number="117" hits="1" branch="False" />
                <line number="119" hits="7" branch="False" />
                <line number="120" hits="7" branch="True" condition-coverage="100% (2/2)">
                  <conditions>
                    <condition number="778" type="jump" coverage="100%" />
                  </conditions>
                </line>
                <line number="121" hits="7" branch="False" />
                <line number="122" hits="0" branch="False" />
                <line number="123" hits="0" branch="False" />
                <line number="124" hits="0" branch="False" />
                <line number="125" hits="0" branch="False" />
                <line number="126" hits="0" branch="False" />
                <line number="128" hits="8" branch="False" />
                <line number="129" hits="8" branch="False" />
                <line number="130" hits="8" branch="False" />
                <line number="131" hits="8" branch="False" />
              </lines>
            </method>
          </methods>
          <lines>
            <line number="65" hits="8" branch="False" />
            <line number="66" hits="8" branch="False" />
            <line number="69" hits="8" branch="False" />
            <line number="70" hits="8" branch="False" />
            <line number="71" hits="8" branch="True" condition-coverage="50% (1/2)">
              <conditions>
                <condition number="208" type="jump" coverage="50%" />
              </conditions>
            </line>
            <line number="72" hits="8" branch="False" />
            <line number="73" hits="8" branch="False" />
            <line number="74" hits="8" branch="False" />
            <line number="75" hits="8" branch="False" />
            <line number="76" hits="8" branch="False" />
            <line number="77" hits="8" branch="False" />
            <line number="78" hits="8" branch="False" />
            <line number="79" hits="8" branch="False" />
            <line number="80" hits="8" branch="False" />
            <line number="82" hits="8" branch="False" />
            <line number="87" hits="8" branch="False" />
            <line number="93" hits="8" branch="False" />
            <line number="94" hits="8" branch="False" />
            <line number="95" hits="8" branch="False" />
            <line number="97" hits="8" branch="False" />
            <line number="98" hits="8" branch="False" />
            <line number="101" hits="8" branch="False" />
            <line number="102" hits="8" branch="False" />
            <line number="103" hits="7" branch="False" />
            <line number="104" hits="1" branch="False" />
            <line number="105" hits="1" branch="False" />
            <line number="106" hits="1" branch="False" />
            <line number="107" hits="1" branch="True" condition-coverage="50% (1/2)">
              <conditions>
                <condition number="568" type="jump" coverage="50%" />
              </conditions>
            </line>
            <line number="108" hits="1" branch="False" />
            <line number="109" hits="1" branch="False" />
            <line number="110" hits="1" branch="False" />
            <line number="111" hits="1" branch="False" />
            <line number="113" hits="0" branch="False" />
            <line number="114" hits="0" branch="False" />
            <line number="115" hits="0" branch="False" />
            <line number="116" hits="0" branch="False" />
            <line number="117" hits="1" branch="False" />
            <line number="119" hits="7" branch="False" />
            <line number="120" hits="7" branch="True" condition-coverage="100% (2/2)">
              <conditions>
                <condition number="778" type="jump" coverage="100%" />
              </conditions>
            </line>
            <line number="121" hits="7" branch="False" />
            <line number="122" hits="0" branch="False" />
            <line number="123" hits="0" branch="False" />
            <line number="124" hits="0" branch="False" />
            <line number="125" hits="0" branch="False" />
            <line number="126" hits="0" branch="False" />
            <line number="128" hits="8" branch="False" />
            <line number="129" hits="8" branch="False" />
            <line number="130" hits="8" branch="False" />
            <line number="131" hits="8" branch="False" />
          </lines>
        </class>
        <class name="BuilderService.PowerShellServiceExtensions" filename="Services\PowerShellService.cs" line-rate="1" branch-rate="1" complexity="1">
          <methods>
            <method name="AddPowerShellService" signature="(Microsoft.Extensions.DependencyInjection.IServiceCollection)" line-rate="1" branch-rate="1" complexity="1">
              <lines>
                <line number="161" hits="3" branch="False" />
                <line number="162" hits="3" branch="False" />
                <line number="163" hits="6" branch="False" />
                <line number="164" hits="3" branch="False" />
                <line number="165" hits="3" branch="False" />
              </lines>
            </method>
          </methods>
          <lines>
            <line number="161" hits="3" branch="False" />
            <line number="162" hits="3" branch="False" />
            <line number="163" hits="6" branch="False" />
            <line number="164" hits="3" branch="False" />
            <line number="165" hits="3" branch="False" />
          </lines>
        </class>
        <class name="BuilderService.StatusService" filename="Services\StatusService.cs" line-rate="1" branch-rate="1" complexity="1">
          <methods>
            <method name="get_IsReady" signature="()" line-rate="1" branch-rate="1" complexity="1">
              <lines>
                <line number="5" hits="11" branch="False" />
              </lines>
            </method>
          </methods>
          <lines>
            <line number="5" hits="11" branch="False" />
          </lines>
        </class>
        <class name="BuilderService.StatusServiceExtensions" filename="Services\StatusService.cs" line-rate="1" branch-rate="1" complexity="1">
          <methods>
            <method name="AddStatusService" signature="(Microsoft.Extensions.DependencyInjection.IServiceCollection)" line-rate="1" branch-rate="1" complexity="1">
              <lines>
                <line number="11" hits="3" branch="False" />
              </lines>
            </method>
          </methods>
          <lines>
            <line number="11" hits="3" branch="False" />
          </lines>
        </class>
        <class name="BuilderService.ApiResult`1" filename="Utils\ApiResult.cs" line-rate="1" branch-rate="1" complexity="4">
          <methods>
            <method name="get_Code" signature="()" line-rate="1" branch-rate="1" complexity="1">
              <lines>
                <line number="5" hits="119" branch="False" />
              </lines>
            </method>
            <method name="get_Data" signature="()" line-rate="1" branch-rate="1" complexity="1">
              <lines>
                <line number="7" hits="201" branch="False" />
              </lines>
            </method>
            <method name="get_Timestamp" signature="()" line-rate="1" branch-rate="1" complexity="1">
              <lines>
                <line number="9" hits="135" branch="False" />
              </lines>
            </method>
            <method name="get_Message" signature="()" line-rate="1" branch-rate="1" complexity="1">
              <lines>
                <line number="11" hits="107" branch="False" />
              </lines>
            </method>
          </methods>
          <lines>
            <line number="5" hits="119" branch="False" />
            <line number="7" hits="201" branch="False" />
            <line number="9" hits="135" branch="False" />
            <line number="11" hits="107" branch="False" />
          </lines>
        </class>
        <class name="BuilderService.Controller" filename="Utils\Controller.cs" line-rate="1" branch-rate="1" complexity="1">
          <methods>
            <method name="ApiResult" signature="(T)" line-rate="1" branch-rate="1" complexity="1">
              <lines>
                <line number="6" hits="35" branch="False" />
                <line number="7" hits="35" branch="False" />
                <line number="8" hits="35" branch="False" />
                <line number="9" hits="35" branch="False" />
                <line number="10" hits="35" branch="False" />
                <line number="11" hits="35" branch="False" />
                <line number="12" hits="35" branch="False" />
                <line number="13" hits="35" branch="False" />
              </lines>
            </method>
          </methods>
          <lines>
            <line number="6" hits="35" branch="False" />
            <line number="7" hits="35" branch="False" />
            <line number="8" hits="35" branch="False" />
            <line number="9" hits="35" branch="False" />
            <line number="10" hits="35" branch="False" />
            <line number="11" hits="35" branch="False" />
            <line number="12" hits="35" branch="False" />
            <line number="13" hits="35" branch="False" />
          </lines>
        </class>
        <class name="BuilderService.DateTimeConverter" filename="Utils\DateTimeConverter.cs" line-rate="1" branch-rate="1" complexity="2">
          <methods>
            <method name="Read" signature="(System.Text.Json.Utf8JsonReader&amp;,System.Type,System.Text.Json.JsonSerializerOptions)" line-rate="1" branch-rate="1" complexity="1">
              <lines>
                <line number="9" hits="29" branch="False" />
              </lines>
            </method>
            <method name="Write" signature="(System.Text.Json.Utf8JsonWriter,System.DateTime,System.Text.Json.JsonSerializerOptions)" line-rate="1" branch-rate="1" complexity="1">
              <lines>
                <line number="12" hits="32" branch="False" />
              </lines>
            </method>
          </methods>
          <lines>
            <line number="9" hits="29" branch="False" />
            <line number="12" hits="32" branch="False" />
          </lines>
        </class>
      </classes>
    </package>
  </packages>
</coverage>